

*-*-*-*-*-*-*-*-*-*-*-*-*-*-*-*-*-*-*-*-*-*-*-*-*-*-*-*-*-*-*
testTryCatch.em ........... passed

Diff results:




*-*-*-*-*-*-*-*-*-*-*-*-*-*-*-*-*-*-*-*-*-*-*-*-*-*-*-*-*-*-*
testMoreVec3.em ........... FAILED: diff failed

Diff results:
1,3c1,98
< js: "__EMERSON_compiled.js", line 2: missing ; before statement
< js: Additional Info: 631:1: primaryExpression : ( 'this' | ( vectorLiteral )=> vectorLiteral | ( quaternionLiteral )=> quaternionLiteral | Identifier | dollarExpression | literal | arrayLiteral | objectLiteral | patternLiteral | '(' ( LTERM )* expression ( LTERM )* ')' -> ^( PAREN expression ) );
< js: ...............^
---
> 
> 
> Printing
> 
> 
> 2
> 12
> 3
> 
> 
> 
> 
> 
> 
> 
> 
> Printing
> 
> 
> 1
> 3
> 2
> 
> 
> 
> 
> 
> 
> 
> 
> Printing
> 
> 
> 1
> 10
> 10
> 
> 
> 
> 
> 
> 
> 
> 
> Printing
> 
> 
> 2
> 12
> 13
> 
> 
> 
> 
> 
> 
> 
> 
> Printing
> 
> 
> 2
> 12
> 13
> 
> 
> 
> 
> 
> 
> 
> 
> Printing
> 
> 
> 1
> 10
> 10
> 
> 
> 
> 
> 
> 
> 
> 
> Printing
> 
> 
> 1
> 10
> 2
> 
> 
> 
> 
> 
> 




*-*-*-*-*-*-*-*-*-*-*-*-*-*-*-*-*-*-*-*-*-*-*-*-*-*-*-*-*-*-*
testPatternSyntax.em ........... passed

Diff results:




*-*-*-*-*-*-*-*-*-*-*-*-*-*-*-*-*-*-*-*-*-*-*-*-*-*-*-*-*-*-*
testBlankIfs.em ........... passed

Diff results:




*-*-*-*-*-*-*-*-*-*-*-*-*-*-*-*-*-*-*-*-*-*-*-*-*-*-*-*-*-*-*
testRegHandler.em ........... passed

Diff results:




*-*-*-*-*-*-*-*-*-*-*-*-*-*-*-*-*-*-*-*-*-*-*-*-*-*-*-*-*-*-*
lotsaMath.em ........... passed

Diff results:




*-*-*-*-*-*-*-*-*-*-*-*-*-*-*-*-*-*-*-*-*-*-*-*-*-*-*-*-*-*-*
testBlank.em ........... passed

Diff results:




*-*-*-*-*-*-*-*-*-*-*-*-*-*-*-*-*-*-*-*-*-*-*-*-*-*-*-*-*-*-*
simpleTest.em ........... passed

Diff results:




*-*-*-*-*-*-*-*-*-*-*-*-*-*-*-*-*-*-*-*-*-*-*-*-*-*-*-*-*-*-*
testSwitchStatement.em ........... passed

Diff results:




*-*-*-*-*-*-*-*-*-*-*-*-*-*-*-*-*-*-*-*-*-*-*-*-*-*-*-*-*-*-*
testFor.em ........... passed

Diff results:




*-*-*-*-*-*-*-*-*-*-*-*-*-*-*-*-*-*-*-*-*-*-*-*-*-*-*-*-*-*-*
testTryCatchMore.em ........... passed

Diff results:




*-*-*-*-*-*-*-*-*-*-*-*-*-*-*-*-*-*-*-*-*-*-*-*-*-*-*-*-*-*-*
testChainedConstructorCall.em ........... FAILED: diff failed

Diff results:
1,3c1
< js: "__EMERSON_compiled.js", line 1: syntax error
< js: var trimmed = .new String( '  abc  ' )( ' ', '*', 'g' ) ;
< js: ...............^
---
> **abc**




*-*-*-*-*-*-*-*-*-*-*-*-*-*-*-*-*-*-*-*-*-*-*-*-*-*-*-*-*-*-*
testTypeOf.em ........... passed

Diff results:




*-*-*-*-*-*-*-*-*-*-*-*-*-*-*-*-*-*-*-*-*-*-*-*-*-*-*-*-*-*-*
testChainCall.em ........... passed

Diff results:




*-*-*-*-*-*-*-*-*-*-*-*-*-*-*-*-*-*-*-*-*-*-*-*-*-*-*-*-*-*-*
testVec3Math.em ........... passed

Diff results:




*-*-*-*-*-*-*-*-*-*-*-*-*-*-*-*-*-*-*-*-*-*-*-*-*-*-*-*-*-*-*
testObjects.em ........... passed

Diff results:




*-*-*-*-*-*-*-*-*-*-*-*-*-*-*-*-*-*-*-*-*-*-*-*-*-*-*-*-*-*-*
testEqualities.em ........... passed

Diff results:




*-*-*-*-*-*-*-*-*-*-*-*-*-*-*-*-*-*-*-*-*-*-*-*-*-*-*-*-*-*-*
testSendMessageSyntax.em ........... passed

Diff results:




*-*-*-*-*-*-*-*-*-*-*-*-*-*-*-*-*-*-*-*-*-*-*-*-*-*-*-*-*-*-*
testVec3Dec.em ........... passed

Diff results:




*-*-*-*-*-*-*-*-*-*-*-*-*-*-*-*-*-*-*-*-*-*-*-*-*-*-*-*-*-*-*
testTernary.em ........... passed

Diff results:




*-*-*-*-*-*-*-*-*-*-*-*-*-*-*-*-*-*-*-*-*-*-*-*-*-*-*-*-*-*-*
moreMath.em ........... passed

Diff results:




*-*-*-*-*-*-*-*-*-*-*-*-*-*-*-*-*-*-*-*-*-*-*-*-*-*-*-*-*-*-*
testIfs.em ........... passed

Diff results:


